<?xml version="1.0" encoding="UTF-8"?>
<!-- Generated by org.testng.reporters.JUnitXMLReporter -->
<testsuite hostname="HARRIS-PC" name="Test" tests="3" failures="0" timestamp="23 Jan 2020 11:07:41 GMT" time="68.132" errors="0">
  <testcase name="tc_001" time="19.46" classname="com.hrms.TestScripts.TC_001"/>
  <testcase name="tc_002" time="24.445" classname="com.hrms.TestScripts.TC_002"/>
  <testcase name="tc_003" time="24.184" classname="com.hrms.TestScripts.TC_003"/>
</testsuite> <!-- Test -->
